Using pre-set license
Built from '2020.3/release' branch; Version is '2020.3.1f1 (77a89f25062f) revision 7841951'; Using compiler version '192528614'; Build Type 'Release'
OS: 'Windows 10 Home Single Language; OS build 19043.1052; Version 2009; 64bit' Language: 'ru' Physical Memory: 16276 MB
BatchMode: 1, IsHumanControllingUs: 0, StartBugReporterOnCrash: 0, Is64bit: 1, IsPro: 0

 COMMAND LINE ARGUMENTS:
C:\Program Files\Unity\Hub\Editor\2020.3.1f1\Editor\Unity.exe
-adb2
-batchMode
-noUpm
-name
AssetImportWorker0
-projectPath
F:/GitHub/DZ_OOP/Unity_OOP_Shurukhin
-logFile
Logs/AssetImportWorker0.log
-srvPort
61031
Successfully changed project path to: F:/GitHub/DZ_OOP/Unity_OOP_Shurukhin
F:/GitHub/DZ_OOP/Unity_OOP_Shurukhin
Using Asset Import Pipeline V2.
Refreshing native plugins compatible for Editor in 30.88 ms, found 0 plugins.
Preloading 0 native plugins for Editor in 0.00 ms.
Initialize engine version: 2020.3.1f1 (77a89f25062f)
[Subsystems] Discovering subsystems at path C:/Program Files/Unity/Hub/Editor/2020.3.1f1/Editor/Data/Resources/UnitySubsystems
[Subsystems] Discovering subsystems at path F:/GitHub/DZ_OOP/Unity_OOP_Shurukhin/Assets
GfxDevice: creating device client; threaded=0
Direct3D:
    Version:  Direct3D 11.0 [level 11.1]
    Renderer: NVIDIA GeForce GTX 1060 with Max-Q Design (ID=0x1c20)
    Vendor:   
    VRAM:     2987 MB
    Driver:   27.21.14.6663
Initialize mono
Mono path[0] = 'C:/Program Files/Unity/Hub/Editor/2020.3.1f1/Editor/Data/Managed'
Mono path[1] = 'C:/Program Files/Unity/Hub/Editor/2020.3.1f1/Editor/Data/MonoBleedingEdge/lib/mono/unityjit'
Mono config path = 'C:/Program Files/Unity/Hub/Editor/2020.3.1f1/Editor/Data/MonoBleedingEdge/etc'
Using monoOptions --debugger-agent=transport=dt_socket,embedding=1,server=y,suspend=n,address=127.0.0.1:56344
Begin MonoManager ReloadAssembly
Registering precompiled unity dll's ...
Register platform support module: C:/Program Files/Unity/Hub/Editor/2020.3.1f1/Editor/Data/PlaybackEngines/WindowsStandaloneSupport/UnityEditor.WindowsStandalone.Extensions.dll
Registered in 0.002927 seconds.
Native extension for WindowsStandalone target not found
Refreshing native plugins compatible for Editor in 29.28 ms, found 0 plugins.
Preloading 0 native plugins for Editor in 0.02 ms.
Invoked RoslynAnalysisRunner static constructor.
RoslynAnalysisRunner will not be running.
RoslynAnalysisRunner has terminated.
Mono: successfully reloaded assembly
- Completed reload, in  2.796 seconds
Platform modules already initialized, skipping
Registering precompiled user dll's ...
Registered in 0.000638 seconds.
Begin MonoManager ReloadAssembly
Native extension for WindowsStandalone target not found
Refreshing native plugins compatible for Editor in 0.21 ms, found 0 plugins.
Preloading 0 native plugins for Editor in 0.00 ms.
Invoked RoslynAnalysisRunner static constructor.
RoslynAnalysisRunner will not be running.
RoslynAnalysisRunner has terminated.
Mono: successfully reloaded assembly
- Completed reload, in  1.110 seconds
Platform modules already initialized, skipping
========================================================================
Worker process is ready to serve import requests
Launched and connected shader compiler UnityShaderCompiler.exe after 0.09 seconds
Refreshing native plugins compatible for Editor in 0.24 ms, found 0 plugins.
Preloading 0 native plugins for Editor in 0.00 ms.
Unloading 1113 Unused Serialized files (Serialized files now loaded: 0)
System memory in use before: 57.2 MB.
System memory in use after: 57.3 MB.

Unloading 10 unused Assets to reduce memory usage. Loaded Objects now: 1556.
Total: 1.996800 ms (FindLiveObjects: 0.145500 ms CreateObjectMapping: 0.046000 ms MarkObjects: 1.659500 ms  DeleteObjects: 0.144200 ms)

========================================================================
Received Import Request.
  path: Assets/Prefab/Player.prefab
  artifactKey: Guid(4f9016cd15283fd44affe78b86e528d4) Importer(815301076,1909f56bfc062723c751e8b465ee728b)
Start importing Assets/Prefab/Player.prefab using Guid(4f9016cd15283fd44affe78b86e528d4) Importer(815301076,1909f56bfc062723c751e8b465ee728b)  -> (artifact id: 'ec1000afe880b9f1084531757e03e8ff') in 0.143644 seconds
  Import took 0.147134 seconds .

========================================================================
Received Import Request.
  Time since last request: 0.000672 seconds.
  path: Assets/Prefab/Trap_fall.prefab
  artifactKey: Guid(902ca6c9faf624546a422a1212e96dfb) Importer(815301076,1909f56bfc062723c751e8b465ee728b)
Start importing Assets/Prefab/Trap_fall.prefab using Guid(902ca6c9faf624546a422a1212e96dfb) Importer(815301076,1909f56bfc062723c751e8b465ee728b)  -> (artifact id: '9e1f22dd1d1654d919afd4785d2d7669') in 0.033488 seconds
  Import took 0.061961 seconds .

========================================================================
Received Import Request.
  Time since last request: 11.495224 seconds.
  path: Assets/Materiall/New Material.mat
  artifactKey: Guid(d3a136519cf306447a96e0e8d71c2e3f) Importer(815301076,1909f56bfc062723c751e8b465ee728b)
Start importing Assets/Materiall/New Material.mat using Guid(d3a136519cf306447a96e0e8d71c2e3f) Importer(815301076,1909f56bfc062723c751e8b465ee728b)  -> (artifact id: '2cb82be26489aad92e7d040daa8b94cb') in 0.045174 seconds
  Import took 0.049837 seconds .

========================================================================
Received Import Request.
  Time since last request: 69.269566 seconds.
  path: Assets/Materiall/Enemy.mat
  artifactKey: Guid(72fe99c335769824f9ad5c3964295c5b) Importer(815301076,1909f56bfc062723c751e8b465ee728b)
Start importing Assets/Materiall/Enemy.mat using Guid(72fe99c335769824f9ad5c3964295c5b) Importer(815301076,1909f56bfc062723c751e8b465ee728b)  -> (artifact id: '794b8ef718a491286571e81564ff43c9') in 0.016386 seconds
  Import took 0.028251 seconds .

========================================================================
Received Import Request.
  Time since last request: 44.725563 seconds.
  path: Assets/Prefab/Player.prefab
  artifactKey: Guid(4f9016cd15283fd44affe78b86e528d4) Importer(815301076,1909f56bfc062723c751e8b465ee728b)
Start importing Assets/Prefab/Player.prefab using Guid(4f9016cd15283fd44affe78b86e528d4) Importer(815301076,1909f56bfc062723c751e8b465ee728b)  -> (artifact id: '83187958cd0014bab0f75f5974417eab') in 0.009836 seconds
  Import took 0.115717 seconds .

========================================================================
Received Import Request.
  Time since last request: 163.806623 seconds.
  path: Assets/Prefab/Player.prefab
  artifactKey: Guid(4f9016cd15283fd44affe78b86e528d4) Importer(815301076,1909f56bfc062723c751e8b465ee728b)
Start importing Assets/Prefab/Player.prefab using Guid(4f9016cd15283fd44affe78b86e528d4) Importer(815301076,1909f56bfc062723c751e8b465ee728b)  -> (artifact id: '3741c038031367e4e73734e7e3dfe083') in 0.010175 seconds
  Import took 0.098670 seconds .

========================================================================
Received Import Request.
  Time since last request: 41.640711 seconds.
  path: Assets/Prefab/Enemy.prefab
  artifactKey: Guid(447d7a01c527ba14da0b3aff7177ad32) Importer(815301076,1909f56bfc062723c751e8b465ee728b)
Start importing Assets/Prefab/Enemy.prefab using Guid(447d7a01c527ba14da0b3aff7177ad32) Importer(815301076,1909f56bfc062723c751e8b465ee728b)  -> (artifact id: 'd0ed63b2ccc8d47037fa77697b9d7079') in 0.013004 seconds
  Import took 0.015792 seconds .

========================================================================
Received Import Request.
  Time since last request: 0.001547 seconds.
  path: Assets/Prefab/Enemy.prefab
  artifactKey: Guid(447d7a01c527ba14da0b3aff7177ad32) Importer(815301076,1909f56bfc062723c751e8b465ee728b)
Start importing Assets/Prefab/Enemy.prefab using Guid(447d7a01c527ba14da0b3aff7177ad32) Importer(815301076,1909f56bfc062723c751e8b465ee728b)  -> (artifact id: 'd0ed63b2ccc8d47037fa77697b9d7079') in 0.022532 seconds
  Import took 0.027000 seconds .

========================================================================
Received Import Request.
  Time since last request: 30.875763 seconds.
  path: Assets/Prefab/Enemy.prefab
  artifactKey: Guid(447d7a01c527ba14da0b3aff7177ad32) Importer(815301076,1909f56bfc062723c751e8b465ee728b)
Start importing Assets/Prefab/Enemy.prefab using Guid(447d7a01c527ba14da0b3aff7177ad32) Importer(815301076,1909f56bfc062723c751e8b465ee728b)  -> (artifact id: '886eb2a1226fc3db21a53fd8e4abdd20') in 0.007580 seconds
  Import took 0.013030 seconds .

========================================================================
Received Import Request.
  Time since last request: 5.511334 seconds.
  path: Assets/Prefab/Enemy.prefab
  artifactKey: Guid(447d7a01c527ba14da0b3aff7177ad32) Importer(815301076,1909f56bfc062723c751e8b465ee728b)
Start importing Assets/Prefab/Enemy.prefab using Guid(447d7a01c527ba14da0b3aff7177ad32) Importer(815301076,1909f56bfc062723c751e8b465ee728b)  -> (artifact id: 'aa12ad0685858784c2146287e3a96427') in 0.012606 seconds
  Import took 0.016315 seconds .

========================================================================
Received Import Request.
  Time since last request: 0.545616 seconds.
  path: Assets/Prefab/Enemy.prefab
  artifactKey: Guid(447d7a01c527ba14da0b3aff7177ad32) Importer(815301076,1909f56bfc062723c751e8b465ee728b)
Start importing Assets/Prefab/Enemy.prefab using Guid(447d7a01c527ba14da0b3aff7177ad32) Importer(815301076,1909f56bfc062723c751e8b465ee728b)  -> (artifact id: '37785a39547e502975f9ee0ae5667e5d') in 0.010152 seconds
  Import took 0.012827 seconds .

========================================================================
Received Import Request.
  Time since last request: 2.973815 seconds.
  path: Assets/Prefab/Enemy.prefab
  artifactKey: Guid(447d7a01c527ba14da0b3aff7177ad32) Importer(815301076,1909f56bfc062723c751e8b465ee728b)
Start importing Assets/Prefab/Enemy.prefab using Guid(447d7a01c527ba14da0b3aff7177ad32) Importer(815301076,1909f56bfc062723c751e8b465ee728b)  -> (artifact id: 'db9295cd13ab00c02446a57ee1911eaf') in 0.012774 seconds
  Import took 0.030207 seconds .

========================================================================
Received Import Request.
  Time since last request: 113.553364 seconds.
  path: Assets/Prefab/Player.prefab
  artifactKey: Guid(4f9016cd15283fd44affe78b86e528d4) Importer(815301076,1909f56bfc062723c751e8b465ee728b)
Start importing Assets/Prefab/Player.prefab using Guid(4f9016cd15283fd44affe78b86e528d4) Importer(815301076,1909f56bfc062723c751e8b465ee728b)  -> (artifact id: 'c001b36a530fd6d3ffcf5ff7ff7f8665') in 0.021278 seconds
  Import took 0.025187 seconds .

========================================================================
Received Import Request.
  Time since last request: 8.998421 seconds.
  path: Assets/Prefab/Player.prefab
  artifactKey: Guid(4f9016cd15283fd44affe78b86e528d4) Importer(815301076,1909f56bfc062723c751e8b465ee728b)
Start importing Assets/Prefab/Player.prefab using Guid(4f9016cd15283fd44affe78b86e528d4) Importer(815301076,1909f56bfc062723c751e8b465ee728b)  -> (artifact id: 'bd0e053742d3060455176127ed203b3f') in 0.029511 seconds
  Import took 0.040395 seconds .

========================================================================
Received Import Request.
  Time since last request: 11.435983 seconds.
  path: ProjectSettings/TagManager.asset
  artifactKey: Guid(00000000000000003000000000000000) Importer(815301076,1909f56bfc062723c751e8b465ee728b)
Start importing ProjectSettings/TagManager.asset using Guid(00000000000000003000000000000000) Importer(815301076,1909f56bfc062723c751e8b465ee728b)  -> (artifact id: 'ddd23692e3ba82ccfbf7a0dc8bc7a4e8') in 0.005019 seconds
  Import took 0.009102 seconds .

========================================================================
Received Import Request.
  Time since last request: 16.633138 seconds.
  path: Assets/Prefab/Enemy.prefab
  artifactKey: Guid(447d7a01c527ba14da0b3aff7177ad32) Importer(815301076,1909f56bfc062723c751e8b465ee728b)
Start importing Assets/Prefab/Enemy.prefab using Guid(447d7a01c527ba14da0b3aff7177ad32) Importer(815301076,1909f56bfc062723c751e8b465ee728b)  -> (artifact id: 'e2cc9687d15c9820681a30609dc6aaa4') in 0.012410 seconds
  Import took 0.015724 seconds .

========================================================================
Received Prepare
Registering precompiled user dll's ...
Registered in 0.000674 seconds.
Begin MonoManager ReloadAssembly
Native extension for WindowsStandalone target not found
Refreshing native plugins compatible for Editor in 0.22 ms, found 0 plugins.
Preloading 0 native plugins for Editor in 0.00 ms.
Invoked RoslynAnalysisRunner static constructor.
RoslynAnalysisRunner will not be running.
RoslynAnalysisRunner has terminated.
Mono: successfully reloaded assembly
- Completed reload, in  1.324 seconds
Platform modules already initialized, skipping
Refreshing native plugins compatible for Editor in 0.20 ms, found 0 plugins.
Preloading 0 native plugins for Editor in 0.00 ms.
Unloading 1108 Unused Serialized files (Serialized files now loaded: 0)
System memory in use before: 60.6 MB.
System memory in use after: 60.7 MB.

Unloading 7 unused Assets to reduce memory usage. Loaded Objects now: 1601.
Total: 1.777200 ms (FindLiveObjects: 0.134500 ms CreateObjectMapping: 0.037900 ms MarkObjects: 1.468300 ms  DeleteObjects: 0.135200 ms)

========================================================================
Received Import Request.
  Time since last request: 356.534526 seconds.
  path: Assets/Scripts/Player.cs
  artifactKey: Guid(74ac8c89386161841aa3cb3b0cc27e53) Importer(815301076,1909f56bfc062723c751e8b465ee728b)
Start importing Assets/Scripts/Player.cs using Guid(74ac8c89386161841aa3cb3b0cc27e53) Importer(815301076,1909f56bfc062723c751e8b465ee728b)  -> (artifact id: '9553783af00f17ab5fc18aec756b3c5e') in 0.010861 seconds
  Import took 0.014930 seconds .

========================================================================
Received Prepare
Registering precompiled user dll's ...
Registered in 0.000709 seconds.
Begin MonoManager ReloadAssembly
Native extension for WindowsStandalone target not found
Refreshing native plugins compatible for Editor in 0.23 ms, found 0 plugins.
Preloading 0 native plugins for Editor in 0.00 ms.
Invoked RoslynAnalysisRunner static constructor.
RoslynAnalysisRunner will not be running.
RoslynAnalysisRunner has terminated.
Mono: successfully reloaded assembly
- Completed reload, in  0.956 seconds
Platform modules already initialized, skipping
Refreshing native plugins compatible for Editor in 0.24 ms, found 0 plugins.
Preloading 0 native plugins for Editor in 0.00 ms.
Unloading 1109 Unused Serialized files (Serialized files now loaded: 0)
System memory in use before: 60.6 MB.
System memory in use after: 60.7 MB.

Unloading 5 unused Assets to reduce memory usage. Loaded Objects now: 1605.
Total: 1.863000 ms (FindLiveObjects: 0.137100 ms CreateObjectMapping: 0.036600 ms MarkObjects: 1.447400 ms  DeleteObjects: 0.240200 ms)

========================================================================
Received Import Request.
  Time since last request: 1415.159486 seconds.
  path: Assets/Scripts/Player.cs
  artifactKey: Guid(74ac8c89386161841aa3cb3b0cc27e53) Importer(815301076,1909f56bfc062723c751e8b465ee728b)
Start importing Assets/Scripts/Player.cs using Guid(74ac8c89386161841aa3cb3b0cc27e53) Importer(815301076,1909f56bfc062723c751e8b465ee728b)  -> (artifact id: 'a621c40318e5835afffd579130861f04') in 0.047228 seconds
  Import took 0.057782 seconds .

========================================================================
Received Import Request.
  Time since last request: 14.949862 seconds.
  path: Assets/Scripts/First_Aid.cs
  artifactKey: Guid(4afcfc9731eaef54797a8a06719cf592) Importer(815301076,1909f56bfc062723c751e8b465ee728b)
Start importing Assets/Scripts/First_Aid.cs using Guid(4afcfc9731eaef54797a8a06719cf592) Importer(815301076,1909f56bfc062723c751e8b465ee728b)  -> (artifact id: 'e4c046641e4dc977343ed93e56bdb7ab') in 0.002694 seconds
  Import took 0.005236 seconds .

========================================================================
Received Import Request.
  Time since last request: 25.304840 seconds.
  path: Assets/Scripts/Bonus.cs
  artifactKey: Guid(9cfe13f6fb6d166489b2f4c4356a059c) Importer(815301076,1909f56bfc062723c751e8b465ee728b)
Start importing Assets/Scripts/Bonus.cs using Guid(9cfe13f6fb6d166489b2f4c4356a059c) Importer(815301076,1909f56bfc062723c751e8b465ee728b)  -> (artifact id: 'e0a266099d5f7860ff17ed78779ed516') in 0.002002 seconds
  Import took 0.004336 seconds .

========================================================================
Received Import Request.
  Time since last request: 0.002782 seconds.
  path: Assets/Scripts/Bonus.cs
  artifactKey: Guid(9cfe13f6fb6d166489b2f4c4356a059c) Importer(815301076,1909f56bfc062723c751e8b465ee728b)
Start importing Assets/Scripts/Bonus.cs using Guid(9cfe13f6fb6d166489b2f4c4356a059c) Importer(815301076,1909f56bfc062723c751e8b465ee728b)  -> (artifact id: 'e0a266099d5f7860ff17ed78779ed516') in 0.004095 seconds
  Import took 0.006993 seconds .

========================================================================
Received Prepare
Registering precompiled user dll's ...
Registered in 0.000716 seconds.
Begin MonoManager ReloadAssembly
Native extension for WindowsStandalone target not found
Refreshing native plugins compatible for Editor in 0.36 ms, found 0 plugins.
Preloading 0 native plugins for Editor in 0.00 ms.
Invoked RoslynAnalysisRunner static constructor.
RoslynAnalysisRunner will not be running.
RoslynAnalysisRunner has terminated.
Mono: successfully reloaded assembly
- Completed reload, in  1.278 seconds
Platform modules already initialized, skipping
Refreshing native plugins compatible for Editor in 0.26 ms, found 0 plugins.
Preloading 0 native plugins for Editor in 0.00 ms.
Unloading 1111 Unused Serialized files (Serialized files now loaded: 0)
System memory in use before: 60.7 MB.
System memory in use after: 60.8 MB.

Unloading 5 unused Assets to reduce memory usage. Loaded Objects now: 1610.
Total: 1.850600 ms (FindLiveObjects: 0.182700 ms CreateObjectMapping: 0.039300 ms MarkObjects: 1.540500 ms  DeleteObjects: 0.086400 ms)

AssetImportWorkerClient::OnTransportError - code=2 error=End of file
