Using pre-set license
Built from '2020.3/release' branch; Version is '2020.3.1f1 (77a89f25062f) revision 7841951'; Using compiler version '192528614'; Build Type 'Release'
OS: 'Windows 10 Home Single Language; OS build 19043.1052; Version 2009; 64bit' Language: 'ru' Physical Memory: 16276 MB
BatchMode: 1, IsHumanControllingUs: 0, StartBugReporterOnCrash: 0, Is64bit: 1, IsPro: 0

 COMMAND LINE ARGUMENTS:
C:\Program Files\Unity\Hub\Editor\2020.3.1f1\Editor\Unity.exe
-adb2
-batchMode
-noUpm
-name
AssetImportWorker0
-projectPath
F:/GitHub/DZ_OOP/Unity_OOP_Shurukhin
-logFile
Logs/AssetImportWorker0.log
-srvPort
57962
Successfully changed project path to: F:/GitHub/DZ_OOP/Unity_OOP_Shurukhin
F:/GitHub/DZ_OOP/Unity_OOP_Shurukhin
Using Asset Import Pipeline V2.
Refreshing native plugins compatible for Editor in 29.34 ms, found 0 plugins.
Preloading 0 native plugins for Editor in 0.00 ms.
Initialize engine version: 2020.3.1f1 (77a89f25062f)
[Subsystems] Discovering subsystems at path C:/Program Files/Unity/Hub/Editor/2020.3.1f1/Editor/Data/Resources/UnitySubsystems
[Subsystems] Discovering subsystems at path F:/GitHub/DZ_OOP/Unity_OOP_Shurukhin/Assets
GfxDevice: creating device client; threaded=0
Direct3D:
    Version:  Direct3D 11.0 [level 11.1]
    Renderer: NVIDIA GeForce GTX 1060 with Max-Q Design (ID=0x1c20)
    Vendor:   
    VRAM:     2987 MB
    Driver:   27.21.14.6663
Initialize mono
Mono path[0] = 'C:/Program Files/Unity/Hub/Editor/2020.3.1f1/Editor/Data/Managed'
Mono path[1] = 'C:/Program Files/Unity/Hub/Editor/2020.3.1f1/Editor/Data/MonoBleedingEdge/lib/mono/unityjit'
Mono config path = 'C:/Program Files/Unity/Hub/Editor/2020.3.1f1/Editor/Data/MonoBleedingEdge/etc'
Using monoOptions --debugger-agent=transport=dt_socket,embedding=1,server=y,suspend=n,address=127.0.0.1:56524
Begin MonoManager ReloadAssembly
Registering precompiled unity dll's ...
Register platform support module: C:/Program Files/Unity/Hub/Editor/2020.3.1f1/Editor/Data/PlaybackEngines/WindowsStandaloneSupport/UnityEditor.WindowsStandalone.Extensions.dll
Registered in 0.005528 seconds.
Native extension for WindowsStandalone target not found
Refreshing native plugins compatible for Editor in 32.59 ms, found 0 plugins.
Preloading 0 native plugins for Editor in 0.00 ms.
Invoked RoslynAnalysisRunner static constructor.
RoslynAnalysisRunner will not be running.
RoslynAnalysisRunner has terminated.
Mono: successfully reloaded assembly
- Completed reload, in  3.079 seconds
Platform modules already initialized, skipping
Registering precompiled user dll's ...
Registered in 0.000610 seconds.
Begin MonoManager ReloadAssembly
Native extension for WindowsStandalone target not found
Refreshing native plugins compatible for Editor in 0.23 ms, found 0 plugins.
Preloading 0 native plugins for Editor in 0.00 ms.
Invoked RoslynAnalysisRunner static constructor.
RoslynAnalysisRunner will not be running.
RoslynAnalysisRunner has terminated.
Mono: successfully reloaded assembly
- Completed reload, in  1.161 seconds
Platform modules already initialized, skipping
========================================================================
Worker process is ready to serve import requests
Launched and connected shader compiler UnityShaderCompiler.exe after 0.07 seconds
Refreshing native plugins compatible for Editor in 0.20 ms, found 0 plugins.
Preloading 0 native plugins for Editor in 0.00 ms.
Unloading 1116 Unused Serialized files (Serialized files now loaded: 0)
System memory in use before: 57.3 MB.
System memory in use after: 57.3 MB.

Unloading 10 unused Assets to reduce memory usage. Loaded Objects now: 1559.
Total: 2.866600 ms (FindLiveObjects: 0.163000 ms CreateObjectMapping: 0.039700 ms MarkObjects: 2.456700 ms  DeleteObjects: 0.205600 ms)

========================================================================
Received Import Request.
  path: Assets/Scripts/Data
  artifactKey: Guid(5478d75844f2e1b4bae30e41377846de) Importer(815301076,1909f56bfc062723c751e8b465ee728b)
Start importing Assets/Scripts/Data using Guid(5478d75844f2e1b4bae30e41377846de) Importer(815301076,1909f56bfc062723c751e8b465ee728b)  -> (artifact id: '1166b0f104bd383a85b34deafb15980b') in 0.185700 seconds
  Import took 0.189516 seconds .

========================================================================
Received Import Request.
  Time since last request: 2379.700038 seconds.
  path: Assets/Materiall/Enemy.mat
  artifactKey: Guid(72fe99c335769824f9ad5c3964295c5b) Importer(815301076,1909f56bfc062723c751e8b465ee728b)
Start importing Assets/Materiall/Enemy.mat using Guid(72fe99c335769824f9ad5c3964295c5b) Importer(815301076,1909f56bfc062723c751e8b465ee728b)  -> (artifact id: 'dd0a040c33412bb5d61b7b0b874b422b') in 0.323299 seconds
  Import took 0.328887 seconds .

========================================================================
Received Import Request.
  Time since last request: 0.000301 seconds.
  path: Assets/Materiall/Player.mat
  artifactKey: Guid(d3a136519cf306447a96e0e8d71c2e3f) Importer(815301076,1909f56bfc062723c751e8b465ee728b)
Start importing Assets/Materiall/Player.mat using Guid(d3a136519cf306447a96e0e8d71c2e3f) Importer(815301076,1909f56bfc062723c751e8b465ee728b)  -> (artifact id: '4f0209ed9ae8030cdeb9ac1fb7588c28') in 0.014556 seconds
  Import took 0.017085 seconds .

========================================================================
Received Import Request.
  Time since last request: 0.000377 seconds.
  path: Assets/Materiall/Enemy.mat
  artifactKey: Guid(72fe99c335769824f9ad5c3964295c5b) Importer(815301076,1909f56bfc062723c751e8b465ee728b)
Start importing Assets/Materiall/Enemy.mat using Guid(72fe99c335769824f9ad5c3964295c5b) Importer(815301076,1909f56bfc062723c751e8b465ee728b)  -> (artifact id: 'dd0a040c33412bb5d61b7b0b874b422b') in 0.009253 seconds
  Import took 0.012042 seconds .

========================================================================
Received Import Request.
  Time since last request: 0.000299 seconds.
  path: Assets/Materiall/Player.mat
  artifactKey: Guid(d3a136519cf306447a96e0e8d71c2e3f) Importer(815301076,1909f56bfc062723c751e8b465ee728b)
Start importing Assets/Materiall/Player.mat using Guid(d3a136519cf306447a96e0e8d71c2e3f) Importer(815301076,1909f56bfc062723c751e8b465ee728b)  -> (artifact id: '4f0209ed9ae8030cdeb9ac1fb7588c28') in 0.010222 seconds
  Import took 0.013047 seconds .

========================================================================
Received Import Request.
  Time since last request: 325.216375 seconds.
  path: Assets/Resurses
  artifactKey: Guid(c5a18c2351d6aea42b7bc3edbf02a2c4) Importer(815301076,1909f56bfc062723c751e8b465ee728b)
Start importing Assets/Resurses using Guid(c5a18c2351d6aea42b7bc3edbf02a2c4) Importer(815301076,1909f56bfc062723c751e8b465ee728b)  -> (artifact id: 'e1e8be9d2e0782bf5048ebf5f52ffe1c') in 0.001753 seconds
  Import took 0.010549 seconds .

========================================================================
Received Import Request.
  Time since last request: 18.175922 seconds.
  path: Assets/Resources
  artifactKey: Guid(c5a18c2351d6aea42b7bc3edbf02a2c4) Importer(815301076,1909f56bfc062723c751e8b465ee728b)
Start importing Assets/Resources using Guid(c5a18c2351d6aea42b7bc3edbf02a2c4) Importer(815301076,1909f56bfc062723c751e8b465ee728b)  -> (artifact id: '4892e23c518924f5d72bc80fb23e8c54') in 0.003265 seconds
  Import took 0.007646 seconds .

========================================================================
Received Import Request.
  Time since last request: 18.069896 seconds.
  path: Assets/Resources/UI
  artifactKey: Guid(38e8942b7ce655a4d85c73000df586f4) Importer(815301076,1909f56bfc062723c751e8b465ee728b)
Start importing Assets/Resources/UI using Guid(38e8942b7ce655a4d85c73000df586f4) Importer(815301076,1909f56bfc062723c751e8b465ee728b)  -> (artifact id: '3c656fd9b94ffbefda468b83475a0c75') in 0.003683 seconds
  Import took 0.006230 seconds .

========================================================================
Received Import Request.
  Time since last request: 398.692686 seconds.
  path: Assets/Resources/EndGameLabel.prefab
  artifactKey: Guid(b3cf6f74b684ae549be3f3f9b2930a4e) Importer(815301076,1909f56bfc062723c751e8b465ee728b)
Start importing Assets/Resources/EndGameLabel.prefab using Guid(b3cf6f74b684ae549be3f3f9b2930a4e) Importer(815301076,1909f56bfc062723c751e8b465ee728b)  -> (artifact id: '771a8eb7ce2309f254b558a997fdceb9') in 0.037775 seconds
  Import took 0.040354 seconds .

========================================================================
Received Import Request.
  Time since last request: 0.002287 seconds.
  path: Assets/Resources/EndGameLabel.prefab
  artifactKey: Guid(b3cf6f74b684ae549be3f3f9b2930a4e) Importer(815301076,1909f56bfc062723c751e8b465ee728b)
Start importing Assets/Resources/EndGameLabel.prefab using Guid(b3cf6f74b684ae549be3f3f9b2930a4e) Importer(815301076,1909f56bfc062723c751e8b465ee728b)  -> (artifact id: '771a8eb7ce2309f254b558a997fdceb9') in 0.002884 seconds
  Import took 0.005571 seconds .

========================================================================
Received Import Request.
  Time since last request: 116.854824 seconds.
  path: Assets/Resources/RestartButton.prefab
  artifactKey: Guid(c88c4a035b7e3d0419524bbec584cde8) Importer(815301076,1909f56bfc062723c751e8b465ee728b)
Start importing Assets/Resources/RestartButton.prefab using Guid(c88c4a035b7e3d0419524bbec584cde8) Importer(815301076,1909f56bfc062723c751e8b465ee728b)  -> (artifact id: 'b2088a8b0839d0c51884711a6b6a2566') in 0.015497 seconds
  Import took 0.018299 seconds .

========================================================================
Received Import Request.
  Time since last request: 0.022507 seconds.
  path: Assets/Resources/RestartButton.prefab
  artifactKey: Guid(c88c4a035b7e3d0419524bbec584cde8) Importer(815301076,1909f56bfc062723c751e8b465ee728b)
Start importing Assets/Resources/RestartButton.prefab using Guid(c88c4a035b7e3d0419524bbec584cde8) Importer(815301076,1909f56bfc062723c751e8b465ee728b)  -> (artifact id: 'b2088a8b0839d0c51884711a6b6a2566') in 0.012863 seconds
  Import took 0.015354 seconds .

========================================================================
Received Import Request.
  Time since last request: 23.857797 seconds.
  path: Assets/Resources/UI/RestartButton.prefab
  artifactKey: Guid(c88c4a035b7e3d0419524bbec584cde8) Importer(815301076,1909f56bfc062723c751e8b465ee728b)
Start importing Assets/Resources/UI/RestartButton.prefab using Guid(c88c4a035b7e3d0419524bbec584cde8) Importer(815301076,1909f56bfc062723c751e8b465ee728b)  -> (artifact id: '82d66521c63d82429c0ca3e27e18f7b6') in 0.003664 seconds
  Import took 0.006734 seconds .

========================================================================
Received Import Request.
  Time since last request: 0.007791 seconds.
  path: Assets/Resources/UI/RestartButton.prefab
  artifactKey: Guid(c88c4a035b7e3d0419524bbec584cde8) Importer(815301076,1909f56bfc062723c751e8b465ee728b)
Start importing Assets/Resources/UI/RestartButton.prefab using Guid(c88c4a035b7e3d0419524bbec584cde8) Importer(815301076,1909f56bfc062723c751e8b465ee728b)  -> (artifact id: '82d66521c63d82429c0ca3e27e18f7b6') in 0.098518 seconds
  Import took 0.101731 seconds .

========================================================================
Received Import Request.
  Time since last request: 27.684024 seconds.
  path: Assets/Resources/UI/RestartButton.prefab
  artifactKey: Guid(c88c4a035b7e3d0419524bbec584cde8) Importer(815301076,1909f56bfc062723c751e8b465ee728b)
Start importing Assets/Resources/UI/RestartButton.prefab using Guid(c88c4a035b7e3d0419524bbec584cde8) Importer(815301076,1909f56bfc062723c751e8b465ee728b)  -> (artifact id: 'a4916a7b279543745bc2989de2ae2bf6') in 0.006489 seconds
  Import took 0.010441 seconds .

========================================================================
Received Import Request.
  Time since last request: 32.680047 seconds.
  path: Assets/Resources/UI/RestartButton.prefab
  artifactKey: Guid(c88c4a035b7e3d0419524bbec584cde8) Importer(815301076,1909f56bfc062723c751e8b465ee728b)
Start importing Assets/Resources/UI/RestartButton.prefab using Guid(c88c4a035b7e3d0419524bbec584cde8) Importer(815301076,1909f56bfc062723c751e8b465ee728b)  -> (artifact id: 'e713b8ba5bc4cb4a9e56e6bb1931f104') in 0.004619 seconds
  Import took 0.014181 seconds .

========================================================================
Received Prepare
Registering precompiled user dll's ...
Registered in 0.001079 seconds.
Begin MonoManager ReloadAssembly
Native extension for WindowsStandalone target not found
Refreshing native plugins compatible for Editor in 0.22 ms, found 0 plugins.
Preloading 0 native plugins for Editor in 0.00 ms.
Invoked RoslynAnalysisRunner static constructor.
RoslynAnalysisRunner will not be running.
RoslynAnalysisRunner has terminated.
Mono: successfully reloaded assembly
- Completed reload, in  1.144 seconds
Platform modules already initialized, skipping
Refreshing native plugins compatible for Editor in 0.22 ms, found 0 plugins.
Preloading 0 native plugins for Editor in 0.00 ms.
Unloading 1112 Unused Serialized files (Serialized files now loaded: 0)
System memory in use before: 60.7 MB.
System memory in use after: 60.7 MB.

Unloading 6 unused Assets to reduce memory usage. Loaded Objects now: 1605.
Total: 2.272500 ms (FindLiveObjects: 0.209200 ms CreateObjectMapping: 0.060000 ms MarkObjects: 1.889000 ms  DeleteObjects: 0.113100 ms)

========================================================================
Received Import Request.
  Time since last request: 316.531925 seconds.
  path: Assets/Resources/Reference.cs
  artifactKey: Guid(335ffbe4753badc45a85183b041155c0) Importer(815301076,1909f56bfc062723c751e8b465ee728b)
Start importing Assets/Resources/Reference.cs using Guid(335ffbe4753badc45a85183b041155c0) Importer(815301076,1909f56bfc062723c751e8b465ee728b)  -> (artifact id: '664686f1ff81aa0cfb8b57bfb846b314') in 0.011813 seconds
  Import took 0.013777 seconds .

========================================================================
Received Import Request.
  Time since last request: 427.472596 seconds.
  path: Assets/Resources/Reference.cs
  artifactKey: Guid(335ffbe4753badc45a85183b041155c0) Importer(815301076,1909f56bfc062723c751e8b465ee728b)
Start importing Assets/Resources/Reference.cs using Guid(335ffbe4753badc45a85183b041155c0) Importer(815301076,1909f56bfc062723c751e8b465ee728b)  -> (artifact id: '6e90656a6ba3bac7eb10854859efa32a') in 0.041119 seconds
  Import took 0.052676 seconds .

========================================================================
Received Prepare
Registering precompiled user dll's ...
Registered in 0.001970 seconds.
Begin MonoManager ReloadAssembly
Native extension for WindowsStandalone target not found
Refreshing native plugins compatible for Editor in 0.21 ms, found 0 plugins.
Preloading 0 native plugins for Editor in 0.00 ms.
Invoked RoslynAnalysisRunner static constructor.
RoslynAnalysisRunner will not be running.
RoslynAnalysisRunner has terminated.
Mono: successfully reloaded assembly
- Completed reload, in  1.292 seconds
Platform modules already initialized, skipping
Refreshing native plugins compatible for Editor in 0.23 ms, found 0 plugins.
Preloading 0 native plugins for Editor in 0.00 ms.
Unloading 1112 Unused Serialized files (Serialized files now loaded: 0)
System memory in use before: 60.7 MB.
System memory in use after: 60.8 MB.

Unloading 5 unused Assets to reduce memory usage. Loaded Objects now: 1608.
Total: 2.025700 ms (FindLiveObjects: 0.209000 ms CreateObjectMapping: 0.083100 ms MarkObjects: 1.638900 ms  DeleteObjects: 0.092600 ms)

========================================================================
Received Prepare
Registering precompiled user dll's ...
Registered in 0.000726 seconds.
Begin MonoManager ReloadAssembly
Native extension for WindowsStandalone target not found
Refreshing native plugins compatible for Editor in 0.22 ms, found 0 plugins.
Preloading 0 native plugins for Editor in 0.00 ms.
Invoked RoslynAnalysisRunner static constructor.
RoslynAnalysisRunner will not be running.
RoslynAnalysisRunner has terminated.
Mono: successfully reloaded assembly
- Completed reload, in  1.091 seconds
Platform modules already initialized, skipping
Refreshing native plugins compatible for Editor in 0.25 ms, found 0 plugins.
Preloading 0 native plugins for Editor in 0.00 ms.
Unloading 1112 Unused Serialized files (Serialized files now loaded: 0)
System memory in use before: 60.8 MB.
System memory in use after: 60.8 MB.

Unloading 5 unused Assets to reduce memory usage. Loaded Objects now: 1611.
Total: 2.185000 ms (FindLiveObjects: 0.186200 ms CreateObjectMapping: 0.061600 ms MarkObjects: 1.851600 ms  DeleteObjects: 0.084100 ms)

========================================================================
Received Import Request.
  Time since last request: 594.139901 seconds.
  path: Assets/Resources/DisplayEndGame.cs
  artifactKey: Guid(aec966856a5aa9d4fafc70b7a5a93895) Importer(815301076,1909f56bfc062723c751e8b465ee728b)
Start importing Assets/Resources/DisplayEndGame.cs using Guid(aec966856a5aa9d4fafc70b7a5a93895) Importer(815301076,1909f56bfc062723c751e8b465ee728b)  -> (artifact id: 'b09dcec12098b175160da39bc12b0fd4') in 0.007225 seconds
  Import took 0.011893 seconds .

========================================================================
Received Prepare
Registering precompiled user dll's ...
Registered in 0.000626 seconds.
Begin MonoManager ReloadAssembly
Native extension for WindowsStandalone target not found
Refreshing native plugins compatible for Editor in 0.21 ms, found 0 plugins.
Preloading 0 native plugins for Editor in 0.00 ms.
Invoked RoslynAnalysisRunner static constructor.
RoslynAnalysisRunner will not be running.
RoslynAnalysisRunner has terminated.
Mono: successfully reloaded assembly
- Completed reload, in  1.183 seconds
Platform modules already initialized, skipping
Refreshing native plugins compatible for Editor in 0.51 ms, found 0 plugins.
Preloading 0 native plugins for Editor in 0.00 ms.
Unloading 1113 Unused Serialized files (Serialized files now loaded: 0)
System memory in use before: 60.8 MB.
System memory in use after: 60.9 MB.

Unloading 5 unused Assets to reduce memory usage. Loaded Objects now: 1615.
Total: 2.484600 ms (FindLiveObjects: 0.164100 ms CreateObjectMapping: 0.041600 ms MarkObjects: 2.212700 ms  DeleteObjects: 0.064700 ms)

========================================================================
Received Prepare
Registering precompiled user dll's ...
Registered in 0.001826 seconds.
Begin MonoManager ReloadAssembly
Native extension for WindowsStandalone target not found
Refreshing native plugins compatible for Editor in 0.29 ms, found 0 plugins.
Preloading 0 native plugins for Editor in 0.00 ms.
Invoked RoslynAnalysisRunner static constructor.
RoslynAnalysisRunner will not be running.
RoslynAnalysisRunner has terminated.
Mono: successfully reloaded assembly
- Completed reload, in  1.874 seconds
Platform modules already initialized, skipping
Refreshing native plugins compatible for Editor in 0.60 ms, found 0 plugins.
Preloading 0 native plugins for Editor in 0.00 ms.
Unloading 1113 Unused Serialized files (Serialized files now loaded: 0)
System memory in use before: 60.8 MB.
System memory in use after: 60.9 MB.

Unloading 5 unused Assets to reduce memory usage. Loaded Objects now: 1618.
Total: 1.653100 ms (FindLiveObjects: 0.141100 ms CreateObjectMapping: 0.041100 ms MarkObjects: 1.407800 ms  DeleteObjects: 0.057200 ms)

========================================================================
Received Import Request.
  Time since last request: 283.675490 seconds.
  path: Assets/Resources/DisplayEndGame.cs
  artifactKey: Guid(aec966856a5aa9d4fafc70b7a5a93895) Importer(815301076,1909f56bfc062723c751e8b465ee728b)
Start importing Assets/Resources/DisplayEndGame.cs using Guid(aec966856a5aa9d4fafc70b7a5a93895) Importer(815301076,1909f56bfc062723c751e8b465ee728b)  -> (artifact id: '922b86cf1cdc0afdcd005681ab2a7556') in 0.005016 seconds
  Import took 0.007040 seconds .

========================================================================
Received Import Request.
  Time since last request: 188.124991 seconds.
  path: Assets/Resources/DisplayEndGame.cs
  artifactKey: Guid(aec966856a5aa9d4fafc70b7a5a93895) Importer(815301076,1909f56bfc062723c751e8b465ee728b)
Start importing Assets/Resources/DisplayEndGame.cs using Guid(aec966856a5aa9d4fafc70b7a5a93895) Importer(815301076,1909f56bfc062723c751e8b465ee728b)  -> (artifact id: '6cc7ba5cc7150dca7d293c242be2319c') in 0.039794 seconds
  Import took 0.045940 seconds .

========================================================================
Received Import Request.
  Time since last request: 0.037593 seconds.
  path: Assets/Resources/DisplayEndGame.cs
  artifactKey: Guid(aec966856a5aa9d4fafc70b7a5a93895) Importer(815301076,1909f56bfc062723c751e8b465ee728b)
Start importing Assets/Resources/DisplayEndGame.cs using Guid(aec966856a5aa9d4fafc70b7a5a93895) Importer(815301076,1909f56bfc062723c751e8b465ee728b)  -> (artifact id: '6cc7ba5cc7150dca7d293c242be2319c') in 0.030743 seconds
  Import took 0.037327 seconds .

========================================================================
Received Prepare
Registering precompiled user dll's ...
Registered in 0.000594 seconds.
Begin MonoManager ReloadAssembly
Native extension for WindowsStandalone target not found
Refreshing native plugins compatible for Editor in 0.21 ms, found 0 plugins.
Preloading 0 native plugins for Editor in 0.00 ms.
Invoked RoslynAnalysisRunner static constructor.
RoslynAnalysisRunner will not be running.
RoslynAnalysisRunner has terminated.
Mono: successfully reloaded assembly
- Completed reload, in  1.015 seconds
Platform modules already initialized, skipping
Refreshing native plugins compatible for Editor in 0.21 ms, found 0 plugins.
Preloading 0 native plugins for Editor in 0.00 ms.
Unloading 1113 Unused Serialized files (Serialized files now loaded: 0)
System memory in use before: 60.8 MB.
System memory in use after: 60.9 MB.

Unloading 5 unused Assets to reduce memory usage. Loaded Objects now: 1621.
Total: 1.877700 ms (FindLiveObjects: 0.161000 ms CreateObjectMapping: 0.071400 ms MarkObjects: 1.547600 ms  DeleteObjects: 0.096300 ms)

========================================================================
Received Import Request.
  Time since last request: 94.328381 seconds.
  path: Assets/Resources/Reference.cs
  artifactKey: Guid(335ffbe4753badc45a85183b041155c0) Importer(815301076,1909f56bfc062723c751e8b465ee728b)
Start importing Assets/Resources/Reference.cs using Guid(335ffbe4753badc45a85183b041155c0) Importer(815301076,1909f56bfc062723c751e8b465ee728b)  -> (artifact id: '8704fd8deb0c5894834ebdf6ebc50324') in 0.004164 seconds
  Import took 0.006339 seconds .

========================================================================
Received Import Request.
  Time since last request: 0.030307 seconds.
  path: Assets/Resources/Reference.cs
  artifactKey: Guid(335ffbe4753badc45a85183b041155c0) Importer(815301076,1909f56bfc062723c751e8b465ee728b)
Start importing Assets/Resources/Reference.cs using Guid(335ffbe4753badc45a85183b041155c0) Importer(815301076,1909f56bfc062723c751e8b465ee728b)  -> (artifact id: '8704fd8deb0c5894834ebdf6ebc50324') in 0.002083 seconds
  Import took 0.005097 seconds .

========================================================================
Received Import Request.
  Time since last request: 16.619942 seconds.
  path: Assets/Resources/GameController.cs
  artifactKey: Guid(32617c9cb1fdbcf4cace9783d0f42b5d) Importer(815301076,1909f56bfc062723c751e8b465ee728b)
Start importing Assets/Resources/GameController.cs using Guid(32617c9cb1fdbcf4cace9783d0f42b5d) Importer(815301076,1909f56bfc062723c751e8b465ee728b)  -> (artifact id: '5b4892f451c8e273402a6d5e8e59a011') in 0.003159 seconds
  Import took 0.005920 seconds .

========================================================================
Received Prepare
Registering precompiled user dll's ...
Registered in 0.000636 seconds.
Begin MonoManager ReloadAssembly
Native extension for WindowsStandalone target not found
Refreshing native plugins compatible for Editor in 0.21 ms, found 0 plugins.
Preloading 0 native plugins for Editor in 0.00 ms.
Invoked RoslynAnalysisRunner static constructor.
RoslynAnalysisRunner will not be running.
RoslynAnalysisRunner has terminated.
Mono: successfully reloaded assembly
- Completed reload, in  1.107 seconds
Platform modules already initialized, skipping
Refreshing native plugins compatible for Editor in 0.22 ms, found 0 plugins.
Preloading 0 native plugins for Editor in 0.00 ms.
Unloading 1114 Unused Serialized files (Serialized files now loaded: 0)
System memory in use before: 60.8 MB.
System memory in use after: 60.9 MB.

Unloading 5 unused Assets to reduce memory usage. Loaded Objects now: 1625.
Total: 4.902700 ms (FindLiveObjects: 2.769400 ms CreateObjectMapping: 0.197700 ms MarkObjects: 1.859700 ms  DeleteObjects: 0.074400 ms)

========================================================================
Received Prepare
Registering precompiled user dll's ...
Registered in 0.001043 seconds.
Begin MonoManager ReloadAssembly
Native extension for WindowsStandalone target not found
Refreshing native plugins compatible for Editor in 0.31 ms, found 0 plugins.
Preloading 0 native plugins for Editor in 0.00 ms.
Invoked RoslynAnalysisRunner static constructor.
RoslynAnalysisRunner will not be running.
RoslynAnalysisRunner has terminated.
Mono: successfully reloaded assembly
- Completed reload, in  1.106 seconds
Platform modules already initialized, skipping
Refreshing native plugins compatible for Editor in 0.23 ms, found 0 plugins.
Preloading 0 native plugins for Editor in 0.00 ms.
Unloading 1114 Unused Serialized files (Serialized files now loaded: 0)
System memory in use before: 60.8 MB.
System memory in use after: 60.9 MB.

Unloading 5 unused Assets to reduce memory usage. Loaded Objects now: 1628.
Total: 2.922500 ms (FindLiveObjects: 0.176700 ms CreateObjectMapping: 0.051600 ms MarkObjects: 2.630300 ms  DeleteObjects: 0.061900 ms)

========================================================================
Received Import Request.
  Time since last request: 1182.816278 seconds.
  path: Assets/Resources/GameController.cs
  artifactKey: Guid(32617c9cb1fdbcf4cace9783d0f42b5d) Importer(815301076,1909f56bfc062723c751e8b465ee728b)
Start importing Assets/Resources/GameController.cs using Guid(32617c9cb1fdbcf4cace9783d0f42b5d) Importer(815301076,1909f56bfc062723c751e8b465ee728b)  -> (artifact id: 'e9623b90c00d860bad65741a875f21a2') in 0.004743 seconds
  Import took 0.007773 seconds .

========================================================================
Received Prepare
Registering precompiled user dll's ...
Registered in 0.000594 seconds.
Begin MonoManager ReloadAssembly
Native extension for WindowsStandalone target not found
Refreshing native plugins compatible for Editor in 0.24 ms, found 0 plugins.
Preloading 0 native plugins for Editor in 0.00 ms.
Invoked RoslynAnalysisRunner static constructor.
RoslynAnalysisRunner will not be running.
RoslynAnalysisRunner has terminated.
Mono: successfully reloaded assembly
- Completed reload, in  0.971 seconds
Platform modules already initialized, skipping
Refreshing native plugins compatible for Editor in 0.22 ms, found 0 plugins.
Preloading 0 native plugins for Editor in 0.00 ms.
Unloading 1114 Unused Serialized files (Serialized files now loaded: 0)
System memory in use before: 60.8 MB.
System memory in use after: 60.9 MB.

Unloading 5 unused Assets to reduce memory usage. Loaded Objects now: 1631.
Total: 1.952600 ms (FindLiveObjects: 0.151800 ms CreateObjectMapping: 0.039400 ms MarkObjects: 1.664800 ms  DeleteObjects: 0.095500 ms)

========================================================================
Received Prepare
Registering precompiled user dll's ...
Registered in 0.000724 seconds.
Begin MonoManager ReloadAssembly
Native extension for WindowsStandalone target not found
Refreshing native plugins compatible for Editor in 0.22 ms, found 0 plugins.
Preloading 0 native plugins for Editor in 0.00 ms.
Invoked RoslynAnalysisRunner static constructor.
RoslynAnalysisRunner will not be running.
RoslynAnalysisRunner has terminated.
Mono: successfully reloaded assembly
- Completed reload, in  1.026 seconds
Platform modules already initialized, skipping
Refreshing native plugins compatible for Editor in 0.23 ms, found 0 plugins.
Preloading 0 native plugins for Editor in 0.00 ms.
Unloading 1114 Unused Serialized files (Serialized files now loaded: 0)
System memory in use before: 60.8 MB.
System memory in use after: 60.9 MB.

Unloading 5 unused Assets to reduce memory usage. Loaded Objects now: 1634.
Total: 2.021800 ms (FindLiveObjects: 0.159700 ms CreateObjectMapping: 0.044400 ms MarkObjects: 1.756700 ms  DeleteObjects: 0.059400 ms)

========================================================================
Received Import Request.
  Time since last request: 503.435824 seconds.
  path: Assets/Resources/DisplayWinGame.cs
  artifactKey: Guid(77c26bff491292a45a3788ac085c6711) Importer(815301076,1909f56bfc062723c751e8b465ee728b)
Start importing Assets/Resources/DisplayWinGame.cs using Guid(77c26bff491292a45a3788ac085c6711) Importer(815301076,1909f56bfc062723c751e8b465ee728b)  -> (artifact id: 'dd64976241cebf184b0d8ae668e4c45a') in 0.007456 seconds
  Import took 0.012375 seconds .

========================================================================
Received Prepare
Registering precompiled user dll's ...
Registered in 0.000557 seconds.
Begin MonoManager ReloadAssembly
Native extension for WindowsStandalone target not found
Refreshing native plugins compatible for Editor in 0.22 ms, found 0 plugins.
Preloading 0 native plugins for Editor in 0.00 ms.
Invoked RoslynAnalysisRunner static constructor.
RoslynAnalysisRunner will not be running.
RoslynAnalysisRunner has terminated.
Mono: successfully reloaded assembly
- Completed reload, in  1.172 seconds
Platform modules already initialized, skipping
Refreshing native plugins compatible for Editor in 0.81 ms, found 0 plugins.
Preloading 0 native plugins for Editor in 0.00 ms.
Unloading 1115 Unused Serialized files (Serialized files now loaded: 0)
System memory in use before: 60.9 MB.
System memory in use after: 61.0 MB.

Unloading 5 unused Assets to reduce memory usage. Loaded Objects now: 1638.
Total: 38.154800 ms (FindLiveObjects: 0.155400 ms CreateObjectMapping: 0.044100 ms MarkObjects: 37.886800 ms  DeleteObjects: 0.066400 ms)

========================================================================
Received Prepare
Registering precompiled user dll's ...
Registered in 0.000600 seconds.
Begin MonoManager ReloadAssembly
Native extension for WindowsStandalone target not found
Refreshing native plugins compatible for Editor in 0.22 ms, found 0 plugins.
Preloading 0 native plugins for Editor in 0.00 ms.
Invoked RoslynAnalysisRunner static constructor.
RoslynAnalysisRunner will not be running.
RoslynAnalysisRunner has terminated.
Mono: successfully reloaded assembly
- Completed reload, in  1.027 seconds
Platform modules already initialized, skipping
Refreshing native plugins compatible for Editor in 0.26 ms, found 0 plugins.
Preloading 0 native plugins for Editor in 0.00 ms.
Unloading 1115 Unused Serialized files (Serialized files now loaded: 0)
System memory in use before: 60.9 MB.
System memory in use after: 61.0 MB.

Unloading 5 unused Assets to reduce memory usage. Loaded Objects now: 1641.
Total: 2.182600 ms (FindLiveObjects: 0.148700 ms CreateObjectMapping: 0.041500 ms MarkObjects: 1.916800 ms  DeleteObjects: 0.074100 ms)

========================================================================
Received Import Request.
  Time since last request: 164.875516 seconds.
  path: Assets/Resources/DisplayWinGame.cs
  artifactKey: Guid(77c26bff491292a45a3788ac085c6711) Importer(815301076,1909f56bfc062723c751e8b465ee728b)
Start importing Assets/Resources/DisplayWinGame.cs using Guid(77c26bff491292a45a3788ac085c6711) Importer(815301076,1909f56bfc062723c751e8b465ee728b)  -> (artifact id: 'dfac5b32c8e12008ef3444f7ec3391f0') in 0.004528 seconds
  Import took 0.006960 seconds .

========================================================================
Received Import Request.
  Time since last request: 90.059755 seconds.
  path: Assets/Scripts/Reference.cs
  artifactKey: Guid(335ffbe4753badc45a85183b041155c0) Importer(815301076,1909f56bfc062723c751e8b465ee728b)
Start importing Assets/Scripts/Reference.cs using Guid(335ffbe4753badc45a85183b041155c0) Importer(815301076,1909f56bfc062723c751e8b465ee728b)  -> (artifact id: 'ef47bd3265fa6fe585970a3b2cac82d5') in 0.003011 seconds
  Import took 0.007530 seconds .

========================================================================
Received Prepare
Registering precompiled user dll's ...
Registered in 0.000702 seconds.
Begin MonoManager ReloadAssembly
Native extension for WindowsStandalone target not found
Refreshing native plugins compatible for Editor in 0.25 ms, found 0 plugins.
Preloading 0 native plugins for Editor in 0.00 ms.
Invoked RoslynAnalysisRunner static constructor.
RoslynAnalysisRunner will not be running.
RoslynAnalysisRunner has terminated.
Mono: successfully reloaded assembly
- Completed reload, in  1.024 seconds
Platform modules already initialized, skipping
Refreshing native plugins compatible for Editor in 0.21 ms, found 0 plugins.
Preloading 0 native plugins for Editor in 0.00 ms.
Unloading 1115 Unused Serialized files (Serialized files now loaded: 0)
System memory in use before: 60.9 MB.
System memory in use after: 61.0 MB.

Unloading 5 unused Assets to reduce memory usage. Loaded Objects now: 1644.
Total: 1.902700 ms (FindLiveObjects: 0.148200 ms CreateObjectMapping: 0.042700 ms MarkObjects: 1.584000 ms  DeleteObjects: 0.126200 ms)

========================================================================
Received Prepare
Registering precompiled user dll's ...
Registered in 0.000621 seconds.
Begin MonoManager ReloadAssembly
Native extension for WindowsStandalone target not found
Refreshing native plugins compatible for Editor in 0.22 ms, found 0 plugins.
Preloading 0 native plugins for Editor in 0.00 ms.
Invoked RoslynAnalysisRunner static constructor.
RoslynAnalysisRunner will not be running.
RoslynAnalysisRunner has terminated.
Mono: successfully reloaded assembly
- Completed reload, in  0.966 seconds
Platform modules already initialized, skipping
Refreshing native plugins compatible for Editor in 0.24 ms, found 0 plugins.
Preloading 0 native plugins for Editor in 0.00 ms.
Unloading 1115 Unused Serialized files (Serialized files now loaded: 0)
System memory in use before: 60.9 MB.
System memory in use after: 61.0 MB.

Unloading 5 unused Assets to reduce memory usage. Loaded Objects now: 1647.
Total: 1.774600 ms (FindLiveObjects: 0.139700 ms CreateObjectMapping: 0.040400 ms MarkObjects: 1.501800 ms  DeleteObjects: 0.091500 ms)

========================================================================
Received Import Request.
  Time since last request: 76.034350 seconds.
  path: Assets/Resources/UI/EndGameLabel 1.prefab
  artifactKey: Guid(1cfde7ec086786044898fa3be363ff0a) Importer(815301076,1909f56bfc062723c751e8b465ee728b)
Start importing Assets/Resources/UI/EndGameLabel 1.prefab using Guid(1cfde7ec086786044898fa3be363ff0a) Importer(815301076,1909f56bfc062723c751e8b465ee728b)  -> (artifact id: '9ffa5f8cb084c4f05cdc420dc74158af') in 0.046136 seconds
  Import took 0.048755 seconds .

========================================================================
Received Import Request.
  Time since last request: 52.216885 seconds.
  path: Assets/Resources/UI/WinGameLabel.prefab
  artifactKey: Guid(a2fc8a0494a463e438eee7cf6d017f5b) Importer(815301076,1909f56bfc062723c751e8b465ee728b)
Start importing Assets/Resources/UI/WinGameLabel.prefab using Guid(a2fc8a0494a463e438eee7cf6d017f5b) Importer(815301076,1909f56bfc062723c751e8b465ee728b)  -> (artifact id: '2d685f36bd1cd372343c2e39f0881373') in 0.003894 seconds
  Import took 0.006314 seconds .

========================================================================
Received Import Request.
  Time since last request: 0.019972 seconds.
  path: Assets/Resources/UI/WinGameLabel.prefab
  artifactKey: Guid(a2fc8a0494a463e438eee7cf6d017f5b) Importer(815301076,1909f56bfc062723c751e8b465ee728b)
Start importing Assets/Resources/UI/WinGameLabel.prefab using Guid(a2fc8a0494a463e438eee7cf6d017f5b) Importer(815301076,1909f56bfc062723c751e8b465ee728b)  -> (artifact id: '2d685f36bd1cd372343c2e39f0881373') in 0.008272 seconds
  Import took 0.011144 seconds .

========================================================================
Received Prepare
Registering precompiled user dll's ...
Registered in 0.000765 seconds.
Begin MonoManager ReloadAssembly
Native extension for WindowsStandalone target not found
Refreshing native plugins compatible for Editor in 0.21 ms, found 0 plugins.
Preloading 0 native plugins for Editor in 0.00 ms.
Invoked RoslynAnalysisRunner static constructor.
RoslynAnalysisRunner will not be running.
RoslynAnalysisRunner has terminated.
Mono: successfully reloaded assembly
- Completed reload, in  1.007 seconds
Platform modules already initialized, skipping
Refreshing native plugins compatible for Editor in 0.21 ms, found 0 plugins.
Preloading 0 native plugins for Editor in 0.00 ms.
Unloading 1115 Unused Serialized files (Serialized files now loaded: 0)
System memory in use before: 60.9 MB.
System memory in use after: 61.0 MB.

Unloading 5 unused Assets to reduce memory usage. Loaded Objects now: 1650.
Total: 2.007600 ms (FindLiveObjects: 0.197400 ms CreateObjectMapping: 0.039800 ms MarkObjects: 1.631300 ms  DeleteObjects: 0.137500 ms)

========================================================================
Received Prepare
Registering precompiled user dll's ...
Registered in 0.000617 seconds.
Begin MonoManager ReloadAssembly
Native extension for WindowsStandalone target not found
Refreshing native plugins compatible for Editor in 0.32 ms, found 0 plugins.
Preloading 0 native plugins for Editor in 0.00 ms.
Invoked RoslynAnalysisRunner static constructor.
RoslynAnalysisRunner will not be running.
RoslynAnalysisRunner has terminated.
Mono: successfully reloaded assembly
- Completed reload, in  1.045 seconds
Platform modules already initialized, skipping
Refreshing native plugins compatible for Editor in 0.27 ms, found 0 plugins.
Preloading 0 native plugins for Editor in 0.00 ms.
Unloading 1115 Unused Serialized files (Serialized files now loaded: 0)
System memory in use before: 60.9 MB.
System memory in use after: 61.0 MB.

Unloading 5 unused Assets to reduce memory usage. Loaded Objects now: 1653.
Total: 2.906400 ms (FindLiveObjects: 0.474800 ms CreateObjectMapping: 0.070300 ms MarkObjects: 2.223000 ms  DeleteObjects: 0.136800 ms)

========================================================================
Received Prepare
Registering precompiled user dll's ...
Registered in 0.000625 seconds.
Begin MonoManager ReloadAssembly
Native extension for WindowsStandalone target not found
Refreshing native plugins compatible for Editor in 0.26 ms, found 0 plugins.
Preloading 0 native plugins for Editor in 0.00 ms.
Invoked RoslynAnalysisRunner static constructor.
RoslynAnalysisRunner will not be running.
RoslynAnalysisRunner has terminated.
Mono: successfully reloaded assembly
- Completed reload, in  1.027 seconds
Platform modules already initialized, skipping
Refreshing native plugins compatible for Editor in 0.21 ms, found 0 plugins.
Preloading 0 native plugins for Editor in 0.00 ms.
Unloading 1115 Unused Serialized files (Serialized files now loaded: 0)
System memory in use before: 60.9 MB.
System memory in use after: 61.0 MB.

Unloading 5 unused Assets to reduce memory usage. Loaded Objects now: 1656.
Total: 2.497500 ms (FindLiveObjects: 0.528900 ms CreateObjectMapping: 0.049200 ms MarkObjects: 1.804400 ms  DeleteObjects: 0.113200 ms)

========================================================================
Received Prepare
Registering precompiled user dll's ...
Registered in 0.000663 seconds.
Begin MonoManager ReloadAssembly
Native extension for WindowsStandalone target not found
Refreshing native plugins compatible for Editor in 0.22 ms, found 0 plugins.
Preloading 0 native plugins for Editor in 0.00 ms.
Invoked RoslynAnalysisRunner static constructor.
RoslynAnalysisRunner will not be running.
RoslynAnalysisRunner has terminated.
Mono: successfully reloaded assembly
- Completed reload, in  1.065 seconds
Platform modules already initialized, skipping
Refreshing native plugins compatible for Editor in 0.30 ms, found 0 plugins.
Preloading 0 native plugins for Editor in 0.00 ms.
Unloading 1115 Unused Serialized files (Serialized files now loaded: 0)
System memory in use before: 60.9 MB.
System memory in use after: 61.0 MB.

Unloading 5 unused Assets to reduce memory usage. Loaded Objects now: 1659.
Total: 1.873900 ms (FindLiveObjects: 0.149600 ms CreateObjectMapping: 0.042000 ms MarkObjects: 1.627300 ms  DeleteObjects: 0.053500 ms)

AssetImportWorkerClient::OnTransportError - code=2 error=End of file
